
> proofound@0.1.0 monitor:launch
> node --import tsx ./scripts/run-launch-synthetic-monitors.ts

{
  "ok": true,
  "status": "pass",
  "generatedAt": "2026-05-01T16:58:29.993Z",
  "results": [
    {
      "monitorKey": "site_root",
      "monitorGroup": "endpoint",
      "status": "pass",
      "severity": "p2",
      "responseTimeMs": 10166,
      "expectedState": "landing_live",
      "observedState": "landing_live",
      "failureClass": null,
      "details": {
        "kind": "http",
        "path": "/",
        "httpStatus": 200
      },
      "checkedAt": "2026-05-01T16:58:41.549Z"
    },
    {
      "monitorKey": "login_entry",
      "monitorGroup": "endpoint",
      "status": "pass",
      "severity": "p1",
      "responseTimeMs": 6433,
      "expectedState": "login_live",
      "observedState": "login_live",
      "failureClass": null,
      "details": {
        "kind": "http",
        "path": "/login",
        "httpStatus": 200
      },
      "checkedAt": "2026-05-01T16:58:47.982Z"
    },
    {
      "monitorKey": "api_health",
      "monitorGroup": "endpoint",
      "status": "pass",
      "severity": "p1",
      "responseTimeMs": 3022,
      "expectedState": "health_contract_ok",
      "observedState": "health_contract_ok",
      "failureClass": null,
      "details": {
        "kind": "http",
        "path": "/api/health",
        "httpStatus": 200,
        "payload": {
          "status": "ok",
          "timestamp": "2026-05-01T16:58:51.001Z"
        }
      },
      "checkedAt": "2026-05-01T16:58:51.005Z"
    },
    {
      "monitorKey": "public_org_trust_page",
      "monitorGroup": "endpoint",
      "status": "pass",
      "severity": "p2",
      "responseTimeMs": 5734,
      "expectedState": "seeded_public_org_trust_page_live",
      "observedState": "seeded_public_org_trust_page_live",
      "failureClass": null,
      "details": {
        "kind": "http",
        "path": "/portfolio/org/proofound-labs",
        "httpStatus": 200
      },
      "checkedAt": "2026-05-01T16:58:56.739Z"
    },
    {
      "monitorKey": "public_individual_portfolio_visible",
      "monitorGroup": "synthetic-smoke",
      "status": "pass",
      "severity": "p1",
      "responseTimeMs": 2302,
      "expectedState": "public_individual_portfolio_visible",
      "observedState": "public_individual_portfolio_visible",
      "failureClass": null,
      "details": {
        "artifactPath": ".artifacts/strict-launch-evidence-2026-05-01/launch-smoke-report.json",
        "artifactSchemaVersion": 2,
        "artifactGeneratedAt": "2026-05-01T16:57:48.044Z",
        "artifactAgeMinutes": 1,
        "freshnessThresholdMinutes": 60,
        "smokeArtifactState": "fresh_passing",
        "smokeStatus": "pass",
        "smokeMessage": null,
        "artifactMessage": "launch smoke artifact is fresh and passing",
        "smokeFreshnessState": "fresh"
      },
      "checkedAt": "2026-05-01T16:58:29.993Z",
      "blocking": false
    },
    {
      "monitorKey": "proof_creation_case",
      "monitorGroup": "synthetic-smoke",
      "status": "pass",
      "severity": "p1",
      "responseTimeMs": 1474,
      "expectedState": "proof_creation_case_live",
      "observedState": "proof_creation_case_live",
      "failureClass": null,
      "details": {
        "artifactPath": ".artifacts/strict-launch-evidence-2026-05-01/launch-smoke-report.json",
        "artifactSchemaVersion": 2,
        "artifactGeneratedAt": "2026-05-01T16:57:48.044Z",
        "artifactAgeMinutes": 1,
        "freshnessThresholdMinutes": 60,
        "smokeArtifactState": "fresh_passing",
        "smokeStatus": "pass",
        "smokeMessage": null,
        "artifactMessage": "launch smoke artifact is fresh and passing",
        "smokeFreshnessState": "fresh"
      },
      "checkedAt": "2026-05-01T16:58:29.993Z",
      "blocking": false
    },
    {
      "monitorKey": "public_org_trust_fixture_live",
      "monitorGroup": "synthetic-smoke",
      "status": "pass",
      "severity": "p2",
      "responseTimeMs": 25133,
      "expectedState": "public_org_trust_fixture_live",
      "observedState": "public_org_trust_fixture_live",
      "failureClass": null,
      "details": {
        "artifactPath": ".artifacts/strict-launch-evidence-2026-05-01/launch-smoke-report.json",
        "artifactSchemaVersion": 2,
        "artifactGeneratedAt": "2026-05-01T16:57:48.044Z",
        "artifactAgeMinutes": 1,
        "freshnessThresholdMinutes": 60,
        "smokeArtifactState": "fresh_passing",
        "smokeStatus": "pass",
        "smokeMessage": null,
        "artifactMessage": "launch smoke artifact is fresh and passing",
        "smokeFreshnessState": "fresh"
      },
      "checkedAt": "2026-05-01T16:58:29.993Z",
      "blocking": false
    },
    {
      "monitorKey": "full_org_corridor_review_to_engagement_verification",
      "monitorGroup": "synthetic-smoke",
      "status": "pass",
      "severity": "p1",
      "responseTimeMs": 339915,
      "expectedState": "full_org_corridor_review_to_engagement_verification_live",
      "observedState": "full_org_corridor_review_to_engagement_verification_live",
      "failureClass": null,
      "details": {
        "artifactPath": ".artifacts/strict-launch-evidence-2026-05-01/launch-smoke-report.json",
        "artifactSchemaVersion": 2,
        "artifactGeneratedAt": "2026-05-01T16:57:48.044Z",
        "artifactAgeMinutes": 1,
        "freshnessThresholdMinutes": 60,
        "smokeArtifactState": "fresh_passing",
        "smokeStatus": "pass",
        "smokeMessage": null,
        "artifactMessage": "launch smoke artifact is fresh and passing",
        "smokeFreshnessState": "fresh"
      },
      "checkedAt": "2026-05-01T16:58:29.993Z",
      "blocking": false
    },
    {
      "monitorKey": "hidden_portfolio_protected",
      "monitorGroup": "synthetic-smoke",
      "status": "pass",
      "severity": "p1",
      "responseTimeMs": 4279,
      "expectedState": "hidden_portfolio_protected",
      "observedState": "hidden_portfolio_protected",
      "failureClass": null,
      "details": {
        "artifactPath": ".artifacts/strict-launch-evidence-2026-05-01/launch-smoke-report.json",
        "artifactSchemaVersion": 2,
        "artifactGeneratedAt": "2026-05-01T16:57:48.044Z",
        "artifactAgeMinutes": 1,
        "freshnessThresholdMinutes": 60,
        "smokeArtifactState": "fresh_passing",
        "smokeStatus": "pass",
        "smokeMessage": null,
        "artifactMessage": "launch smoke artifact is fresh and passing",
        "smokeFreshnessState": "fresh"
      },
      "checkedAt": "2026-05-01T16:58:29.993Z",
      "blocking": false
    },
    {
      "monitorKey": "privacy_no_leak_case",
      "monitorGroup": "synthetic-smoke",
      "status": "pass",
      "severity": "p1",
      "responseTimeMs": 2704,
      "expectedState": "privacy_no_leak_enforced",
      "observedState": "privacy_no_leak_enforced",
      "failureClass": null,
      "details": {
        "artifactPath": ".artifacts/strict-launch-evidence-2026-05-01/launch-smoke-report.json",
        "artifactSchemaVersion": 2,
        "artifactGeneratedAt": "2026-05-01T16:57:48.044Z",
        "artifactAgeMinutes": 1,
        "freshnessThresholdMinutes": 60,
        "smokeArtifactState": "fresh_passing",
        "smokeStatus": "pass",
        "smokeMessage": null,
        "artifactMessage": "launch smoke artifact is fresh and passing",
        "smokeFreshnessState": "fresh"
      },
      "checkedAt": "2026-05-01T16:58:29.993Z",
      "blocking": false
    }
  ],
  "summary": {
    "total": 10,
    "pass": 10,
    "degraded": 0,
    "fail": 0,
    "p1Failures": 0,
    "p2Failures": 0
  },
  "alertSummary": [
    {
      "monitorKey": "site_root",
      "alertStatus": "healthy"
    },
    {
      "monitorKey": "login_entry",
      "alertStatus": "healthy"
    },
    {
      "monitorKey": "api_health",
      "alertStatus": "healthy"
    },
    {
      "monitorKey": "public_org_trust_page",
      "alertStatus": "healthy"
    },
    {
      "monitorKey": "public_individual_portfolio_visible",
      "alertStatus": "healthy"
    },
    {
      "monitorKey": "proof_creation_case",
      "alertStatus": "healthy"
    },
    {
      "monitorKey": "public_org_trust_fixture_live",
      "alertStatus": "healthy"
    },
    {
      "monitorKey": "full_org_corridor_review_to_engagement_verification",
      "alertStatus": "healthy"
    },
    {
      "monitorKey": "hidden_portfolio_protected",
      "alertStatus": "healthy"
    },
    {
      "monitorKey": "privacy_no_leak_case",
      "alertStatus": "healthy"
    }
  ],
  "evidence": {
    "source": "live",
    "artifactPath": ".artifacts/strict-launch-evidence-2026-05-01/launch-smoke-report.json",
    "smokeArtifactSchemaVersion": 2,
    "smokeArtifactGeneratedAt": "2026-05-01T16:57:48.044Z",
    "smokeArtifactAgeMinutes": 1,
    "smokeFreshnessThresholdMinutes": 60,
    "smokeFreshnessState": "fresh",
    "smokeEvidenceSource": "artifact",
    "persisted": true
  },
  "lastSuccessfulByMonitorKey": {}
}
