
> proofound@0.1.0 test:e2e:org:strict
> NEXT_PUBLIC_USE_MOCK_SUPABASE=false node ./scripts/playwright-node20.mjs test e2e/strict/organization.strict.spec.ts e2e/strict/org-corridor.strict.spec.ts --project=chromium --reporter=line --workers=1

[1A[2K[2m[WebServer] [22m(node:40236) Warning: The 'NO_COLOR' env is ignored due to the 'FORCE_COLOR' env being set.
[2m[WebServer] [22m(Use `node --trace-warnings ...` to show where the warning was created)

[1A[2K[2m[WebServer] [22m<w> [webpack.cache.PackFileCacheStrategy/webpack.FileSystemInfo] Parsing of /Users/yuriibakurov/proofound/node_modules/next-intl/dist/esm/production/extractor/format/index.js for build dependencies failed at 'import(t)'.
[2m[WebServer] [22m<w> Build dependencies behind this expression are ignored and might cause incorrect cache invalidation.

[1A[2K[2m[WebServer] [22m<w> [webpack.cache.PackFileCacheStrategy/webpack.FileSystemInfo] Parsing of /Users/yuriibakurov/proofound/node_modules/next-intl/dist/esm/production/extractor/format/index.js for build dependencies failed at 'import(t)'.
[2m[WebServer] [22m<w> Build dependencies behind this expression are ignored and might cause incorrect cache invalidation.

[1A[2K[2m[WebServer] [22m<w> [webpack.cache.PackFileCacheStrategy/webpack.FileSystemInfo] Parsing of /Users/yuriibakurov/proofound/node_modules/next-intl/dist/esm/production/extractor/format/index.js for build dependencies failed at 'import(t)'.
[2m[WebServer] [22m<w> Build dependencies behind this expression are ignored and might cause incorrect cache invalidation.

[dotenv@17.2.3] injecting env (39) from .env.local -- tip: ūüď° add observability to secrets: https://dotenvx.com/ops

Running 7 tests using 1 worker

[1A[2K[dotenv@17.2.3] injecting env (0) from .env.local -- tip: ‚öôÔłŹ  write to custom object with { processEnv: myObject }

[1A[2K[2m[WebServer] [22m<w> [webpack.cache.PackFileCacheStrategy] Serializing big strings (193kiB) impacts deserialization performance (consider using Buffer instead and decode when needed)

[1A[2K(node:40286) Warning: The 'NO_COLOR' env is ignored due to the 'FORCE_COLOR' env being set.
(Use `node --trace-warnings ...` to show where the warning was created)

[1A[2K[1/7] [chromium] ‚Äļ e2e/strict/org-corridor.strict.spec.ts:276:3 ‚Äļ Strict Authenticated Org Corridor ‚Äļ reruns the launch-binding authenticated org corridor end to end
[1A[2K[2m[WebServer] [22m<w> [webpack.cache.PackFileCacheStrategy] Serializing big strings (129kiB) impacts deserialization performance (consider using Buffer instead and decode when needed)

[1A[2K[2m[WebServer] [22m<w> [webpack.cache.PackFileCacheStrategy] Serializing big strings (139kiB) impacts deserialization performance (consider using Buffer instead and decode when needed)

[1A[2K[2m[WebServer] [22m ‚®Į [Error: aborted]

[1A[2K[2/7] [chromium] ‚Äļ e2e/strict/organization.strict.spec.ts:116:3 ‚Äļ Strict MVP Organization Flows (O-01..O-20) ‚Äļ O-02..O-04 org setup, team roles, and profile contracts are verifiable
[1A[2K[3/7] [chromium] ‚Äļ e2e/strict/organization.strict.spec.ts:149:3 ‚Äļ Strict MVP Organization Flows (O-01..O-20) ‚Äļ O-05..O-07 and O-17 assignment create/publish/manage lifecycle is strict
[1A[2K[4/7] [chromium] ‚Äļ e2e/strict/organization.strict.spec.ts:292:3 ‚Äļ Strict MVP Organization Flows (O-01..O-20) ‚Äļ O-08..O-12 ranked matches, shortlist, messaging, and interview prep are strict
[1A[2K[5/7] [chromium] ‚Äļ e2e/strict/organization.strict.spec.ts:400:3 ‚Äļ Strict MVP Organization Flows (O-01..O-20) ‚Äļ O-07b draft autosave/update and resume-to-publish contract is strict
[1A[2K[2m[WebServer] [22m{"level":"warn","event":"assignment.create.unknown_matrix_skills","timestamp":"2026-05-01T16:26:59.378Z","requestId":"xzXTZmTOOncF","path":"/api/assignments","method":"POST","userId":"d33cdbe2-8b5e-4b68-8f42-7b9a13b4a11e","orgId":"be7cebe6-d106-4d19-93a3-baf5bff5ab88","unknownSkillCodes":["strict.resume.skill.1","strict.resume.skill.2","strict.resume.skill.3"]}

[1A[2K[6/7] [chromium] ‚Äļ e2e/strict/organization.strict.spec.ts:541:3 ‚Äļ Strict MVP Organization Flows (O-01..O-20) ‚Äļ O-13..O-16 interview, archived contract gating, and verification surfaces stay aligned
[1A[2K[7/7] [chromium] ‚Äļ e2e/strict/organization.strict.spec.ts:559:3 ‚Äļ Strict MVP Organization Flows (O-01..O-20) ‚Äļ O-18..O-20 team permissions and compliance settings are strict
[1A[2K[2m[WebServer] [22m{"level":"warn","event":"database.health.timeout.recovered","timestamp":"2026-05-01T16:28:27.876Z","error":"Timed out after 1200ms"}

[1A[2K  Slow test file: [chromium] ‚Äļ e2e/strict/org-corridor.strict.spec.ts (5.4m)
  Consider running tests from slow files in parallel. See: https://playwright.dev/docs/test-parallel
  7 passed (10.2m)
