
 RUN  v1.6.1 /Users/yuriibakurov/proofound

WebSocket server error:
Error: listen EPERM: operation not permitted 0.0.0.0:24678
    at Server.setupListenHandle [as _listen2] (node:net:1886:21)
    at listenInCluster (node:net:1965:12)
    at Server.listen (node:net:2067:7)
    at Object.listen (file:///Users/yuriibakurov/proofound/node_modules/vite/dist/node/chunks/config.js:20511:18)
    at Object.listen (file:///Users/yuriibakurov/proofound/node_modules/vite/dist/node/chunks/config.js:25914:27)
    at DevEnvironment.listen (file:///Users/yuriibakurov/proofound/node_modules/vite/dist/node/chunks/config.js:34831:12)
    at file:///Users/yuriibakurov/proofound/node_modules/vite/dist/node/chunks/config.js:25637:101
    at Array.map (<anonymous>)
    at file:///Users/yuriibakurov/proofound/node_modules/vite/dist/node/chunks/config.js:25637:84
    at async _createServer (file:///Users/yuriibakurov/proofound/node_modules/vite/dist/node/chunks/config.js:25654:9)
stdout | _log (/Users/yuriibakurov/proofound/node_modules/dotenv/lib/main.js:142:11)
[dotenv@17.2.3] injecting env (40) from .env.local -- tip: ⚙️  specify custom .env file path with { path: '/custom/path/.env' }

 ✓ tests/ui/public-portfolio-access-consistency.test.tsx  (2 tests) 124ms

 Test Files  1 passed (1)
      Tests  2 passed (2)
   Start at  18:38:21
   Duration  1.45s (transform 183ms, setup 183ms, collect 304ms, tests 124ms, environment 303ms, prepare 67ms)

