0 verbose cli /opt/homebrew/Cellar/node@20/20.19.5/bin/node /opt/homebrew/Cellar/node@20/20.19.5/lib/node_modules/npm/bin/npm-cli.js
1 info using npm@10.8.2
2 info using node@v20.19.5
3 silly config load:file:/opt/homebrew/Cellar/node@20/20.19.5/lib/node_modules/npm/npmrc
4 silly config load:file:/Users/yuriibakurov/proofound/.npmrc
5 silly config load:file:/Users/yuriibakurov/.npmrc
6 silly config load:file:/opt/homebrew/etc/npmrc
7 verbose title npm exec tailwindcss init --ts --full
8 verbose argv "exec" "--" "tailwindcss" "init" "--ts" "--full"
9 verbose logfile logs-max:10 dir:/Users/yuriibakurov/proofound/.npm-cache/_logs/2025-10-30T08_35_53_407Z-
10 verbose logfile /Users/yuriibakurov/proofound/.npm-cache/_logs/2025-10-30T08_35_53_407Z-debug-0.log
11 silly logfile done cleaning log files
12 silly packumentCache heap:4345298944 maxSize:1086324736 maxEntrySize:543162368
13 verbose stack Error: could not determine executable to run
13 verbose stack     at getBinFromManifest (/opt/homebrew/Cellar/node@20/20.19.5/lib/node_modules/npm/node_modules/libnpmexec/lib/get-bin-from-manifest.js:17:23)
13 verbose stack     at exec (/opt/homebrew/Cellar/node@20/20.19.5/lib/node_modules/npm/node_modules/libnpmexec/lib/index.js:202:15)
13 verbose stack     at async Npm.exec (/opt/homebrew/Cellar/node@20/20.19.5/lib/node_modules/npm/lib/npm.js:207:9)
13 verbose stack     at async module.exports (/opt/homebrew/Cellar/node@20/20.19.5/lib/node_modules/npm/lib/cli/entry.js:74:5)
14 verbose pkgid tailwindcss@4.1.16
15 error could not determine executable to run
16 verbose cwd /Users/yuriibakurov/proofound
17 verbose os Darwin 25.0.0
18 verbose node v20.19.5
19 verbose npm  v10.8.2
20 verbose exit 1
21 verbose code 1
22 error A complete log of this run can be found in: /Users/yuriibakurov/proofound/.npm-cache/_logs/2025-10-30T08_35_53_407Z-debug-0.log
