# npm run test:e2e:org:strict
startedAt=2026-05-14T10:38:39.714Z
cwd=/Users/yuriibakurov/proofound

> proofound@0.1.0 test:e2e:org:strict
> NEXT_PUBLIC_USE_MOCK_SUPABASE=false node ./scripts/playwright-node24.mjs test e2e/strict/organization.strict.spec.ts e2e/strict/org-corridor.strict.spec.ts --project=chromium --reporter=line --workers=1


[WebServer] (node:32594) Warning: The 'NO_COLOR' env is ignored due to the 'FORCE_COLOR' env being set.
[WebServer] (Use `node --trace-warnings ...` to show where the warning was created)
[1A[2K[1A[2K[WebServer] (node:32596) Warning: The 'NO_COLOR' env is ignored due to the 'FORCE_COLOR' env being set.
[WebServer] (Use `node --trace-warnings ...` to show where the warning was created)

[1A[2K[WebServer]  ⨯ Failed to start server

[1A[2K
[WebServer] Error: listen EPERM: operation not permitted 0.0.0.0:33100
[WebServer]     at <unknown> (Error: listen EPERM: operation not permitted 0.0.0.0:33100)
[WebServer]     at new Promise (<anonymous>) {
[WebServer]   code: [32m'EPERM'[39m,
[WebServer]   errno: [33m-1[39m,
[WebServer]   syscall: [32m'listen'[39m,
[WebServer]   address: [32m'0.0.0.0'[39m,
[WebServer]   port: [33m33100[39m
[WebServer] }
Error: Process from config.webServer exited early.

[1A[2K

completedAt=2026-05-14T10:38:41.414Z
exitCode=1
durationMs=1700
timedOut=false
